library/BatterySave/build/intermediates/manifest_merge_blame_file/debug/manifest-merger-blame-debug-report.txt
1<?xml version="1.0" encoding="utf-8"?>
2<manifest xmlns:android="http://schemas.android.com/apk/res/android"
3    package="com.zhuoyi.security.batterysave"
4    android:versionCode="10"
5    android:versionName="1.0" >
6
7    <uses-sdk
8        android:minSdkVersion="26"
8-->library\BatterySave\AndroidManifest.xml
9        android:targetSdkVersion="34" />
9-->library\BatterySave\AndroidManifest.xml
10
11    <!-- <uses-permission android:name="android.permission.BLUETOOTH" /> -->
12    <!-- <uses-permission android:name="android.permission.BLUETOOTH_ADMIN" /> -->
13    <!-- <uses-permission android:name="android.permission.ACCESS_WIFI_STATE" /> -->
14    <!-- <uses-permission android:name="android.permission.CHANGE_WIFI_STATE" /> -->
15    <!-- <uses-permission android:name="android.permission.ACCESS_NETWORK_STATE" /> -->
16    <!-- <uses-permission android:name="android.permission.CHANGE_NETWORK_STATE" /> -->
17    <!-- <uses-permission android:name="android.permission.READ_SYNC_STATS" /> -->
18    <!-- <uses-permission android:name="android.permission.READ_SYNC_SETTINGS" /> -->
19    <!-- <uses-permission android:name="android.permission.WRITE_SYNC_SETTINGS" /> -->
20    <uses-permission android:name="android.permission.KILL_BACKGROUND_PROCESSES" />
20-->library\BatterySave\AndroidManifest.xml:15:5-84
20-->library\BatterySave\AndroidManifest.xml:15:22-81
21    <uses-permission android:name="android.permission.GET_TASKS" />
21-->library\BatterySave\AndroidManifest.xml:16:5-68
21-->library\BatterySave\AndroidManifest.xml:16:22-65
22    <!-- <uses-permission android:name="android.permission.PACKAGE_USAGE_STATS" /> -->
23    <uses-permission android:name="android.permission.SYSTEM_ALERT_WINDOW" />
23-->library\BatterySave\AndroidManifest.xml:18:5-78
23-->library\BatterySave\AndroidManifest.xml:18:22-75
24    <!-- <uses-permission android:name="android.permission.INTERNET" /> -->
25    <!-- <uses-permission android:name="android.permission.BATTERY_STATS" /> -->
26    <uses-permission android:name="android.permission.READ_EXTERNAL_STORAGE" />
26-->library\BatterySave\AndroidManifest.xml:21:5-80
26-->library\BatterySave\AndroidManifest.xml:21:22-77
27    <uses-permission android:name="android.permission.WRITE_EXTERNAL_STORAGE" />
27-->library\BatterySave\AndroidManifest.xml:22:5-81
27-->library\BatterySave\AndroidManifest.xml:22:22-78
28
29    <application>
29-->library\BatterySave\AndroidManifest.xml:24:5-116:19
30        <activity
30-->library\BatterySave\AndroidManifest.xml:25:9-30:56
31            android:name="com.zhuoyi.security.batterysave.BS_RankingActivity"
31-->library\BatterySave\AndroidManifest.xml:27:13-47
32            android:excludeFromRecents="true"
32-->library\BatterySave\AndroidManifest.xml:28:13-46
33            android:exported="true"
33-->library\BatterySave\AndroidManifest.xml:26:13-36
34            android:screenOrientation="portrait"
34-->library\BatterySave\AndroidManifest.xml:29:13-49
35            android:theme="@style/bs_app_base_theme" />
35-->library\BatterySave\AndroidManifest.xml:30:13-53
36        <activity
36-->library\BatterySave\AndroidManifest.xml:32:9-45:20
37            android:name="com.zhuoyi.security.batterysave.BS_MainActivity"
37-->library\BatterySave\AndroidManifest.xml:33:13-44
38            android:excludeFromRecents="true"
38-->library\BatterySave\AndroidManifest.xml:34:13-46
39            android:exported="true"
39-->library\BatterySave\AndroidManifest.xml:35:13-36
40            android:icon="@drawable/bs_logo"
40-->library\BatterySave\AndroidManifest.xml:36:13-45
41            android:label="@string/bs_app_name"
41-->library\BatterySave\AndroidManifest.xml:37:13-48
42            android:screenOrientation="portrait"
42-->library\BatterySave\AndroidManifest.xml:38:13-49
43            android:theme="@style/bs_app_base_theme" >
43-->library\BatterySave\AndroidManifest.xml:39:13-53
44            <intent-filter>
44-->library\BatterySave\AndroidManifest.xml:40:13-44:29
45                <action android:name="android.intent.action.MAIN" />
45-->library\BatterySave\AndroidManifest.xml:41:17-69
45-->library\BatterySave\AndroidManifest.xml:41:25-66
46
47                <!-- <category android:name="android.intent.category.LAUNCHER" /> -->
48            </intent-filter>
49        </activity>
50        <activity
50-->library\BatterySave\AndroidManifest.xml:47:9-52:56
51            android:name="com.zhuoyi.security.batterysave.BS_SettingsActivity"
51-->library\BatterySave\AndroidManifest.xml:49:13-48
52            android:excludeFromRecents="true"
52-->library\BatterySave\AndroidManifest.xml:50:13-46
53            android:exported="true"
53-->library\BatterySave\AndroidManifest.xml:48:13-36
54            android:screenOrientation="portrait"
54-->library\BatterySave\AndroidManifest.xml:51:13-49
55            android:theme="@style/bs_app_base_theme" />
55-->library\BatterySave\AndroidManifest.xml:52:13-53
56        <activity
56-->library\BatterySave\AndroidManifest.xml:54:9-64:20
57            android:name="com.zhuoyi.security.soft.lock.SL_SetPassWord"
57-->library\BatterySave\AndroidManifest.xml:56:13-72
58            android:excludeFromRecents="true"
58-->library\BatterySave\AndroidManifest.xml:57:13-46
59            android:exported="true"
59-->library\BatterySave\AndroidManifest.xml:55:13-36
60            android:screenOrientation="portrait"
60-->library\BatterySave\AndroidManifest.xml:58:13-49
61            android:theme="@style/bs_app_base_theme" >
61-->library\BatterySave\AndroidManifest.xml:59:13-53
62
63            <!--
64            <intent-filter>
65                  <action android:name="android.intent.action.MAIN" />
66                 <category android:name="android.intent.category.LAUNCHER" />
67            </intent-filter>
68            -->
69        </activity>
70        <activity
70-->library\BatterySave\AndroidManifest.xml:65:9-69:65
71            android:name="com.zhuoyi.security.soft.lock.SL_LockAppListActivity"
71-->library\BatterySave\AndroidManifest.xml:67:13-80
72            android:exported="false"
72-->library\BatterySave\AndroidManifest.xml:66:13-37
73            android:screenOrientation="portrait"
73-->library\BatterySave\AndroidManifest.xml:68:13-49
74            android:theme="@style/bs_app_base_theme" />
74-->library\BatterySave\AndroidManifest.xml:69:13-53
75        <activity
75-->library\BatterySave\AndroidManifest.xml:70:9-74:56
76            android:name="com.zhuoyi.security.soft.lock.SL_UnLocksoftListActivity"
76-->library\BatterySave\AndroidManifest.xml:72:13-83
77            android:exported="true"
77-->library\BatterySave\AndroidManifest.xml:71:13-36
78            android:screenOrientation="portrait"
78-->library\BatterySave\AndroidManifest.xml:73:13-49
79            android:theme="@style/bs_app_base_theme" />
79-->library\BatterySave\AndroidManifest.xml:74:13-53
80        <activity
80-->library\BatterySave\AndroidManifest.xml:75:9-79:56
81            android:name="com.zhuoyi.security.soft.lock.SL_LockSettingActivity"
81-->library\BatterySave\AndroidManifest.xml:77:13-80
82            android:exported="true"
82-->library\BatterySave\AndroidManifest.xml:76:13-36
83            android:screenOrientation="portrait"
83-->library\BatterySave\AndroidManifest.xml:78:13-49
84            android:theme="@style/bs_app_base_theme" />
84-->library\BatterySave\AndroidManifest.xml:79:13-53
85        <activity
85-->library\BatterySave\AndroidManifest.xml:80:9-92:20
86            android:name="com.zhuoyi.security.soft.lock.SL_EnterPassWord"
86-->library\BatterySave\AndroidManifest.xml:81:13-74
87            android:excludeFromRecents="true"
87-->library\BatterySave\AndroidManifest.xml:82:13-46
88            android:exported="true"
88-->library\BatterySave\AndroidManifest.xml:83:13-36
89            android:launchMode="singleInstance"
89-->library\BatterySave\AndroidManifest.xml:84:13-48
90            android:screenOrientation="portrait"
90-->library\BatterySave\AndroidManifest.xml:85:13-49
91            android:theme="@style/bs_app_base_theme" >
91-->library\BatterySave\AndroidManifest.xml:86:13-53
92            <intent-filter>
92-->library\BatterySave\AndroidManifest.xml:87:13-91:29
93                <action android:name="com.ios.sc.soft.lock.SL_EnterPassWord" />
93-->library\BatterySave\AndroidManifest.xml:88:17-80
93-->library\BatterySave\AndroidManifest.xml:88:25-77
94
95                <category android:name="android.intent.category.DEFAULT" />
95-->library\BatterySave\AndroidManifest.xml:90:17-76
95-->library\BatterySave\AndroidManifest.xml:90:27-73
96            </intent-filter>
97        </activity>
98
99        <receiver
99-->library\BatterySave\AndroidManifest.xml:94:9-102:20
100            android:name="com.zhuoyi.security.soft.lock.receiver.SL_ApkRemoveReceiver"
100-->library\BatterySave\AndroidManifest.xml:95:13-87
101            android:exported="true" >
101-->library\BatterySave\AndroidManifest.xml:96:13-36
102            <intent-filter>
102-->library\BatterySave\AndroidManifest.xml:97:13-101:29
103                <action android:name="android.intent.action.PACKAGE_REMOVED" />
103-->library\BatterySave\AndroidManifest.xml:98:17-80
103-->library\BatterySave\AndroidManifest.xml:98:25-77
104
105                <data android:scheme="package" />
105-->library\BatterySave\AndroidManifest.xml:100:17-50
105-->library\BatterySave\AndroidManifest.xml:100:23-47
106            </intent-filter>
107        </receiver>
108
109        <service
109-->library\BatterySave\AndroidManifest.xml:103:9-109:19
110            android:name="com.zhuoyi.security.soft.lock.SL_LockSoftService"
110-->library\BatterySave\AndroidManifest.xml:104:13-76
111            android:exported="true" >
111-->library\BatterySave\AndroidManifest.xml:105:13-36
112            <intent-filter>
112-->library\BatterySave\AndroidManifest.xml:106:13-108:29
113                <action android:name="com.ios.sc.soft.lock.SL_LockSoftService" />
113-->library\BatterySave\AndroidManifest.xml:107:17-82
113-->library\BatterySave\AndroidManifest.xml:107:25-79
114            </intent-filter>
115        </service>
116
117        <meta-data
117-->library\BatterySave\AndroidManifest.xml:112:9-114:58
118            android:name="com.facebook.sdk.ApplicationId"
118-->library\BatterySave\AndroidManifest.xml:113:13-58
119            android:value="@string/sl_facebook_app_id" />
119-->library\BatterySave\AndroidManifest.xml:114:13-55
120    </application>
121
122</manifest>